[INFO] Scanning for projects...
[INFO] 
[INFO] -----------------------< com.squareup:javapoet >------------------------
[INFO] Building JavaPoet 1.12.0-SNAPSHOT
[INFO] --------------------------------[ jar ]---------------------------------
[INFO] 
[INFO] --- maven-clean-plugin:2.5:clean (default-clean) @ javapoet ---
[INFO] Deleting /tmp/v1/target
[INFO] 
[INFO] --- dspot-diff-test-selection:3.1.1-SNAPSHOT:list (default-cli) @ javapoet ---
[WARNING] No path to diff file has been specified.
[WARNING] I'll compute a diff file using the UNIX diff command
[WARNING] You may encounter troubles.
[WARNING] If so, please specify a path to a correct diff file
[WARNING] or implement a new way to compute a diff file.
[INFO] Computing the diff with diff commnd line
[INFO] The diff will be computed between:
[INFO] /tmp/v1 and 
[INFO] /tmp/v2
[INFO] Executing: diff -ru /tmp/v1 /tmp/v2 from /tmp/v1
[INFO] Computing coverage for /tmp/v1
[WARN] Maven will be executed in interactive mode, but no input stream has been configured for this MavenInvoker instance.
[[1;34mINFO[m] Scanning for projects...
[[1;34mINFO[m] 
[[1;34mINFO[m] [1m-----------------------< [0;36mcom.squareup:javapoet[0;1m >------------------------[m
[[1;34mINFO[m] [1mBuilding JavaPoet 1.12.0-SNAPSHOT[m
[[1;34mINFO[m] [1m--------------------------------[ jar ]---------------------------------[m
[[1;34mINFO[m] 
[[1;34mINFO[m] [1m--- [0;32mmaven-clean-plugin:2.5:clean[m [1m(default-clean)[m @ [36mjavapoet[0;1m ---[m
[[1;34mINFO[m] 
[[1;34mINFO[m] [1m--- [0;32mclover-maven-plugin:4.4.1:setup[m [1m(default-cli)[m @ [36mjavapoet[0;1m ---[m
[[1;34mINFO[m] OpenClover Version 4.4.1, built on October 11 2019 (build-1020)
[[1;34mINFO[m] Creating new database at '/tmp/v1/target/clover/clover.db'.
[[1;34mINFO[m] Processing files at 1.8 source level.
[[1;34mINFO[m] Clover all over. Instrumented 17 files (1 package).
[[1;34mINFO[m] OpenClover Version 4.4.1, built on October 11 2019 (build-1020)
[[1;34mINFO[m] Updating existing database at '/tmp/v1/target/clover/clover.db'.
[[1;34mINFO[m] Processing files at 1.8 source level.
[[1;34mINFO[m] Clover all over. Instrumented 21 files (2 packages).
[[1;34mINFO[m] 342 test methods detected.
[[1;34mINFO[m] 
[[1;34mINFO[m] [1m--- [0;32mmaven-enforcer-plugin:1.0:enforce[m [1m(enforce-maven)[m @ [36mjavapoet[0;1m ---[m
[[1;34mINFO[m] Skipping Rule Enforcement.
[[1;34mINFO[m] 
[[1;34mINFO[m] [1m--- [0;32mmaven-resources-plugin:2.6:resources[m [1m(default-resources)[m @ [36mjavapoet[0;1m ---[m
[[1;34mINFO[m] Using 'UTF-8' encoding to copy filtered resources.
[[1;34mINFO[m] skip non existing resourceDirectory /tmp/v1/src/main/resources
[[1;34mINFO[m] Copying 1 resource
[[1;34mINFO[m] 
[[1;34mINFO[m] [1m--- [0;32mmaven-compiler-plugin:3.8.0:compile[m [1m(default-compile)[m @ [36mjavapoet[0;1m ---[m
[[1;34mINFO[m] Changes detected - recompiling the module!
[[1;34mINFO[m] Compiling 17 source files to /tmp/v1/target/classes
[[1;34mINFO[m] 
[[1;34mINFO[m] [1m--- [0;32mmaven-resources-plugin:2.6:testResources[m [1m(default-testResources)[m @ [36mjavapoet[0;1m ---[m
[[1;34mINFO[m] Using 'UTF-8' encoding to copy filtered resources.
[[1;34mINFO[m] skip non existing resourceDirectory /tmp/v1/src/test/resources
[[1;34mINFO[m] 
[[1;34mINFO[m] [1m--- [0;32mmaven-compiler-plugin:3.8.0:testCompile[m [1m(default-testCompile)[m @ [36mjavapoet[0;1m ---[m
[[1;34mINFO[m] Changes detected - recompiling the module!
[[1;34mINFO[m] Compiling 21 source files to /tmp/v1/target/test-classes
[[1;34mINFO[m] 
[[1;34mINFO[m] [1m--- [0;32mmaven-surefire-plugin:2.12.4:test[m [1m(default-test)[m @ [36mjavapoet[0;1m ---[m
[[1;34mINFO[m] Surefire report directory: /tmp/v1/target/surefire-reports

-------------------------------------------------------
 T E S T S
-------------------------------------------------------
Running ClassNameNoPackageTest
Tests run: 1, Failures: 0, Errors: 0, Skipped: 0, Time elapsed: 0.078 sec
Running com.squareup.javapoet.CodeBlockTest
Tests run: 36, Failures: 0, Errors: 0, Skipped: 0, Time elapsed: 0.083 sec
Running com.squareup.javapoet.MethodSpecTest
Tests run: 23, Failures: 0, Errors: 0, Skipped: 0, Time elapsed: 0.741 sec
Running com.squareup.javapoet.NameAllocatorTest
Tests run: 11, Failures: 0, Errors: 0, Skipped: 0, Time elapsed: 0.018 sec
Running com.squareup.javapoet.TypeSpecTest
Tests run: 118, Failures: 0, Errors: 0, Skipped: 0, Time elapsed: 1.391 sec
Running com.squareup.javapoet.AnnotatedTypeNameTest
Tests run: 22, Failures: 0, Errors: 0, Skipped: 0, Time elapsed: 0.013 sec
Running com.squareup.javapoet.TypeNameTest
Tests run: 12, Failures: 0, Errors: 0, Skipped: 0, Time elapsed: 0.008 sec
Running com.squareup.javapoet.FileWritingTest
Tests run: 11, Failures: 0, Errors: 0, Skipped: 0, Time elapsed: 0.085 sec
Running com.squareup.javapoet.ClassNameTest
Tests run: 13, Failures: 0, Errors: 0, Skipped: 0, Time elapsed: 0.332 sec
Running com.squareup.javapoet.LineWrapperTest
Tests run: 16, Failures: 0, Errors: 0, Skipped: 0, Time elapsed: 0.106 sec
Running com.squareup.javapoet.ParameterSpecTest
Tests run: 7, Failures: 0, Errors: 0, Skipped: 0, Time elapsed: 0.067 sec
Running com.squareup.javapoet.UtilTest
Tests run: 2, Failures: 0, Errors: 0, Skipped: 0, Time elapsed: 0.001 sec
Running com.squareup.javapoet.TypesEclipseTest
Tests run: 20, Failures: 0, Errors: 0, Skipped: 0, Time elapsed: 3.053 sec
Running com.squareup.javapoet.TypesTest
Tests run: 20, Failures: 0, Errors: 0, Skipped: 0, Time elapsed: 0.17 sec
Running com.squareup.javapoet.AnnotationSpecTest
Tests run: 11, Failures: 0, Errors: 0, Skipped: 0, Time elapsed: 0.1 sec
Running com.squareup.javapoet.FieldSpecTest
Tests run: 4, Failures: 0, Errors: 0, Skipped: 0, Time elapsed: 0.002 sec
Running com.squareup.javapoet.JavaFileTest
Tests run: 31, Failures: 0, Errors: 0, Skipped: 1, Time elapsed: 0.025 sec
Running com.squareup.javapoet.FileReadingTest
Tests run: 5, Failures: 0, Errors: 0, Skipped: 0, Time elapsed: 0.061 sec

Results :

Tests run: 363, Failures: 0, Errors: 0, Skipped: 1

[[1;34mINFO[m] [1m------------------------------------------------------------------------[m
[[1;34mINFO[m] [1;32mBUILD SUCCESS[m
[[1;34mINFO[m] [1m------------------------------------------------------------------------[m
[[1;34mINFO[m] Total time:  16.231 s
[[1;34mINFO[m] Finished at: 2020-12-15T16:19:27+01:00
[[1;34mINFO[m] [1m------------------------------------------------------------------------[m
Writing HTML report to '/tmp/v1/target/clover/report'
Done. Processed 2 packages in 1468ms (734ms per package).
[INFO] /tmp/v1/src/main/java/com/squareup/javapoet/CodeWriter.java
[INFO] /tmp/v2/src/main/java/com/squareup/javapoet/CodeWriter.java
[INFO] com.squareup.javapoet.CodeWriter:221 is modified.
[INFO] com.squareup.javapoet.CodeWriter:222 is modified.
[INFO] com.squareup.javapoet.CodeWriter:314 is modified.
[INFO] com.squareup.javapoet.CodeWriter:152 is modified.
[INFO] com.squareup.javapoet.CodeWriter:222 is modified.
[INFO] com.squareup.javapoet.CodeWriter:315 is modified.
[INFO] com.squareup.javapoet.CodeWriter:314 is modified.
[INFO] com.squareup.javapoet.CodeWriter:222 covered.
[INFO] com.squareup.javapoet.CodeWriter:314 covered.
[INFO] com.squareup.javapoet.CodeWriter:315 covered.
[INFO] com.squareup.javapoet.CodeWriter:152 covered.
[INFO] /tmp/v1/src/main/java/com/squareup/javapoet/LineWrapper.java
[INFO] /tmp/v2/src/main/java/com/squareup/javapoet/LineWrapper.java
[INFO] com.squareup.javapoet.LineWrapper:56 is modified.
[INFO] com.squareup.javapoet.LineWrapper:27 is modified.
[INFO] com.squareup.javapoet.LineWrapper:145 is modified.
[INFO] com.squareup.javapoet.LineWrapper:50 is modified.
[INFO] com.squareup.javapoet.LineWrapper:57 is modified.
[INFO] com.squareup.javapoet.LineWrapper:50 is modified.
[INFO] com.squareup.javapoet.LineWrapper:112 is modified.
[INFO] com.squareup.javapoet.LineWrapper:120 is modified.
[INFO] com.squareup.javapoet.LineWrapper:150 is modified.
[INFO] com.squareup.javapoet.LineWrapper:154 is modified.
[INFO] com.squareup.javapoet.LineWrapper:155 is modified.
[INFO] com.squareup.javapoet.LineWrapper:158 is modified.
[INFO] com.squareup.javapoet.LineWrapper:162 is modified.
[INFO] com.squareup.javapoet.LineWrapper:163 is modified.
[INFO] com.squareup.javapoet.LineWrapper:167 is modified.
[INFO] com.squareup.javapoet.LineWrapper:168 is modified.
[INFO] com.squareup.javapoet.LineWrapper:154 is modified.
[INFO] com.squareup.javapoet.LineWrapper:158 is modified.
[INFO] com.squareup.javapoet.LineWrapper:162 is modified.
[INFO] com.squareup.javapoet.LineWrapper:163 is modified.
[INFO] com.squareup.javapoet.LineWrapper:168 is modified.
[INFO] com.squareup.javapoet.LineWrapper:156 is modified.
[INFO] com.squareup.javapoet.LineWrapper:156 is modified.
[INFO] com.squareup.javapoet.LineWrapper:50 is modified.
[INFO] com.squareup.javapoet.LineWrapper:57 covered.
[INFO] com.squareup.javapoet.LineWrapper:50 covered.
[INFO] com.squareup.javapoet.LineWrapper:120 covered.
[INFO] com.squareup.javapoet.LineWrapper:112 covered.
[INFO] /tmp/v1/src/main/java/com/squareup/javapoet/MethodSpec.java
[INFO] /tmp/v2/src/main/java/com/squareup/javapoet/MethodSpec.java
[INFO] com.squareup.javapoet.MethodSpec:135 is modified.
[INFO] com.squareup.javapoet.MethodSpec:135 covered.
[INFO] /tmp/v1/src/test/java/com/squareup/javapoet/MethodSpecTest.java
[INFO] /tmp/v2/src/test/java/com/squareup/javapoet/MethodSpecTest.java
[INFO] com.squareup.javapoet.MethodSpecTest:397 is modified.
[INFO] com.squareup.javapoet.MethodSpecTest:398 is modified.
[INFO] com.squareup.javapoet.MethodSpecTest:402 is modified.
[INFO] com.squareup.javapoet.MethodSpecTest:410 is modified.
[INFO] com.squareup.javapoet.MethodSpecTest:398 is modified.
[INFO] com.squareup.javapoet.MethodSpecTest:402 is modified.
[INFO] com.squareup.javapoet.MethodSpecTest:410 is modified.
[INFO] com.squareup.javapoet.MethodSpecTest:398 is modified.
[INFO] com.squareup.javapoet.MethodSpecTest:402 is modified.
[INFO] com.squareup.javapoet.MethodSpecTest:410 is modified.
[INFO] com.squareup.javapoet.MethodSpecTest:398 is modified.
[INFO] /tmp/v1/src/test/java/com/squareup/javapoet/TypeSpecTest.java
[INFO] /tmp/v2/src/test/java/com/squareup/javapoet/TypeSpecTest.java
[INFO] com.squareup.javapoet.TypeSpecTest:2521 is modified.
[INFO] com.squareup.javapoet.TypeSpecTest:1846 is modified.
[INFO] com.squareup.javapoet.TypeSpecTest:2522 is modified.
[INFO] com.squareup.javapoet.TypeSpecTest:2526 is modified.
[INFO] com.squareup.javapoet.TypeSpecTest:2537 is modified.
[INFO] com.squareup.javapoet.TypeSpecTest:1846 is modified.
[INFO] com.squareup.javapoet.TypeSpecTest:2522 is modified.
[INFO] com.squareup.javapoet.TypeSpecTest:2526 is modified.
[INFO] com.squareup.javapoet.TypeSpecTest:2537 is modified.
[INFO] com.squareup.javapoet.TypeSpecTest:2522 is modified.
[INFO] com.squareup.javapoet.TypeSpecTest:2526 is modified.
[INFO] com.squareup.javapoet.TypeSpecTest:2537 is modified.
[INFO] com.squareup.javapoet.TypeSpecTest:2522 is modified.
[INFO] Saving result in /tmp/v1/testsThatExecuteTheChange.csv ...
[INFO] com.squareup.javapoet.JavaFileTest;singleImport;classAndSuperclassShareName;importStaticReadmeExample;importStaticUsingWildcards;packageClassConflictsWithSuperlass;importStaticOnce;importStaticForCrazyFormatsWorks;conflictingImports;conflictingTypeVariableBound;conflictingNameOutOfScope;defaultPackageTypesAreNotImported;importStaticTwice;annotatedTypeParam;conflictingParentName;modifyStaticImports;annotationIsNestedClass;importStaticNone;defaultPackage;emptyLinesInTopOfFileComment;skipJavaLangImportsWithConflictingClassFirst;packageClassConflictsWithNestedClass;topOfFileComment;noImports;conflictingChildName;conflictingAnnotation;skipJavaLangImportsWithConflictingClassLast;importStaticMixed;superclassReferencesSelf;conflictingAnnotationReferencedClass;nestedClassAndSuperclassShareName
com.squareup.javapoet.TypeSpecTest;multilineStatementWithAnonymousClass;interfaceStaticMethods;annotationWithFields;parameterToString;annotationToString;multilineStrings;multipleSuperinterfaceAddition;initializerBlockInRightPlace;innerAnnotationInAnnotationDeclaration;multipleMethodAddition;defaultModifiersForInterfaceMembers;defaultModifiersForMemberInterfacesAndEnums;equalsAndHashCode;ifElse;varargs;annotationsAndJavaLangTypes;lineWrappingWithZeroWidthSpace;arrayType;enumWithSubclassing;nameFromMethod;multipleTypeAddition;indexedElseIf;tryCatch;nameFromParameter;stringFromNull;simpleNameConflictsWithTypeVariable;interfaceExtends;annotatedClass;annotationsInAnnotations;enumImplements;inlineIndent;codeBlockAddStatementOfCodeBlockToString;multipleAnnotationAddition;annotationDeclarationToString;typeVariableWithBounds;doWhile;interfaceDefaultMethods;elseIf;classImplementsNestedClass;typeVariables;basic;interfaceClassToString;anonymousInnerClass;nameFromType;staticCodeBlock;nullStringLiteral;methodThrows;simpleNamesConflictInThisAndOtherPackage;annotatedParameters;intersectionType;multipleTypeVariableAddition;invalidSuperClass;anonymousClassToString;javadoc;literalFromAnything;codeBlockToString;constructorToString;referencedAndDeclaredSimpleNamesConflict;nestedClasses;annotatedField;membersOrdering;classImplementsExtends;typeFromTypeElement;enumWithAnnotatedValues;annotation;enumsMayDefineAbstractMethods;methodToString;initializersToBuilder;multipleFieldAddition;typeFromTypeMirror;interestingTypes;nameFromCharSequence;lineWrapping;codeBlocks;nativeMethods;fieldToString;classToString;nameFromField;enumWithMembersButNoConstructorCall;multilineStatement;typeFromReflectType;stringFromAnything;typeFromTypeName;retrofitStyleInterface
com.squareup.javapoet.TypesTest;typeVariable;arrayType;wildcardMirrorExtendsType;wildcardSuperType;wildcardMirrorNoBounds;wildcardMirrorSuperType;getArrayTypeMirror;box;parameterizedType;getBasicTypeMirror;getTypeVariableTypeMirror;unbox;getTypeVariableTypeMirrorRecursive;wildcardExtendsObject;getParameterizedTypeMirror;errorTypes;wildcardExtendsType
com.squareup.javapoet.AnnotatedTypeNameTest;annotatedInnerMultidimensionalArrayType;annotatedArrayElementType;annotatedOuterMultidimensionalArrayType;withoutAnnotationsOnAnnotatedEnclosingType;annotatedWildcardTypeNameWithExtends;annotatedArrayTypeInVarargsParameter;annotatedArgumentOfParameterizedType;annotated;withoutAnnotationsOnAnnotatedNestedType;annotatedNestedType;withoutAnnotationsOnAnnotatedEnclosingAndNestedType;annotatedType;annotatedTwice;annotatedEnclosingAndNestedType;annotatedArrayTypeVarargsParameter;annotatedParameterizedType;annotatedEquivalence;annotatedArrayType;annotatedNestedParameterizedType;annotatedWildcardTypeNameWithSuper
com.squareup.javapoet.TypeNameTest;isBoxedPrimitive;innerStaticInGenericType;equalsAndHashCodeTypeVariableName;equalsAndHashCodeWildcardTypeName;equalsAndHashCodeArrayTypeName;genericType;equalsAndHashCodeParameterizedTypeName;innerGenericInGenericType;equalsAndHashCodePrimitive;equalsAndHashCodeClassName;innerClassInGenericType
com.squareup.javapoet.FileWritingTest;fileIsUtf8;filerPassesOriginatingElements;filerNestedClasses;pathDefaultPackage;fileDefaultPackage;filerClassesWithTabIndent;fileNestedClasses;pathNestedClasses;filerDefaultPackage
com.squareup.javapoet.TypesEclipseTest;typeVariable;arrayType;wildcardMirrorExtendsType;wildcardSuperType;wildcardMirrorNoBounds;wildcardMirrorSuperType;getArrayTypeMirror;box;parameterizedType;getBasicTypeMirror;getTypeVariableTypeMirror;unbox;getTypeVariableTypeMirrorRecursive;wildcardExtendsObject;getParameterizedTypeMirror;errorTypes;wildcardExtendsType
com.squareup.javapoet.AnnotationSpecTest;modifyMembers;defaultAnnotationWithImport;defaultAnnotationToBuilder;defaultAnnotation;reflectAnnotation;emptyArray;equalsAndHashCode;dynamicArrayOfEnumConstants;reflectAnnotationWithDefaults
com.squareup.javapoet.ParameterSpecTest;parameterVariableElement;equalsAndHashCode
com.squareup.javapoet.MethodSpecTest;modifyMethodName;withoutParameterJavaDoc;overrideDoesNotCopyOverrideAnnotation;withParameterJavaDoc;overrideDoesNotCopyDefaultModifier;withParameterJavaDocAndWithoutMethodJavadoc;overrideExtendsOthersWorksWithActualTypeParameters;equalsAndHashCode;overrideEverything;duplicateExceptionsIgnored;overrideGenerics
com.squareup.javapoet.FieldSpecTest;equalsAndHashCode
com.squareup.javapoet.CodeBlockTest;joining;simpleNamedArgument;statementExitWithoutStatementEnter;literalFormatCanBeIndexed;clear;namedAndNoArgFormat;namedNewline;typeFormatCanBeIndexed;sameIndexCanBeUsedWithDifferentFormats;joiningSingle;of;multipleNamedArguments;stringFormatCanBeIndexed;join;equalsAndHashCode;nameFormatCanBeIndexed;joiningWithPrefixAndSuffix;tooManyStatementEnters;repeatedNamedArgument
com.squareup.javapoet.FileReadingTest;javaFileObjectCharacterContent;javaFileObjectInputStreamIsUtf8;compileJavaFile
com.squareup.javapoet.ClassNameTest;peerClass;bestGuessForString_defaultPackage;classNameFromTypeElement;bestGuessForString_nestedClass;createNestedClass;bestGuessForString_simpleClass;classNameFromClass;classNameFromTypeElementDoesntUseGetKind
ClassNameNoPackageTest;shouldSupportClassInDefaultPackage
com.squareup.javapoet.LineWrapperTest;overlyLongLinesWithLeadingZeroWidth;multipleWrite;overlyLongLinesWithLeadingSpace;wrapEmbeddedNewlines_ZeroWidth;wrapMultipleNewlines;fencepost;overlyLongLinesWithoutLeadingSpace;wrapEmbeddedNewlines;noWrap;fencepostZeroWidth;noWrapMultipleNewlines;noWrapEmbeddedNewlines_ZeroWidth;wrap;zeroWidthNoWrap;nospaceWrapMax;noWrapEmbeddedNewlines
[INFO] Writing Coverage in /tmp/v1/testsThatExecuteTheChange_coverage.csv
[INFO] com.squareup.javapoet.CodeWriter;4;5

[INFO] com.squareup.javapoet.LineWrapper;4;16

[INFO] com.squareup.javapoet.MethodSpec;1;1

[INFO] total;9;22

[INFO] ------------------------------------------------------------------------
[INFO] BUILD SUCCESS
[INFO] ------------------------------------------------------------------------
[INFO] Total time:  22.973 s
[INFO] Finished at: 2020-12-15T16:19:32+01:00
[INFO] ------------------------------------------------------------------------
