[INFO] Scanning for projects...
[INFO] 
[INFO] -----------------------< com.squareup:javapoet >------------------------
[INFO] Building JavaPoet 1.12.0-SNAPSHOT
[INFO] --------------------------------[ jar ]---------------------------------
[INFO] 
[INFO] --- maven-clean-plugin:2.5:clean (default-clean) @ javapoet ---
[INFO] Deleting /tmp/v1/target
[INFO] 
[INFO] --- dspot-diff-test-selection:3.1.1-SNAPSHOT:list (default-cli) @ javapoet ---
[WARNING] No path to diff file has been specified.
[WARNING] I'll compute a diff file using the UNIX diff command
[WARNING] You may encounter troubles.
[WARNING] If so, please specify a path to a correct diff file
[WARNING] or implement a new way to compute a diff file.
[INFO] Computing the diff with diff commnd line
[INFO] The diff will be computed between:
[INFO] /tmp/v1 and 
[INFO] /tmp/v2
[INFO] Executing: diff -ru /tmp/v1 /tmp/v2 from /tmp/v1
[INFO] Computing coverage for /tmp/v1
[WARN] Maven will be executed in interactive mode, but no input stream has been configured for this MavenInvoker instance.
[[1;34mINFO[m] Scanning for projects...
[[1;34mINFO[m] 
[[1;34mINFO[m] [1m-----------------------< [0;36mcom.squareup:javapoet[0;1m >------------------------[m
[[1;34mINFO[m] [1mBuilding JavaPoet 1.12.0-SNAPSHOT[m
[[1;34mINFO[m] [1m--------------------------------[ jar ]---------------------------------[m
[[1;34mINFO[m] 
[[1;34mINFO[m] [1m--- [0;32mmaven-clean-plugin:2.5:clean[m [1m(default-clean)[m @ [36mjavapoet[0;1m ---[m
[[1;34mINFO[m] 
[[1;34mINFO[m] [1m--- [0;32mclover-maven-plugin:4.4.1:setup[m [1m(default-cli)[m @ [36mjavapoet[0;1m ---[m
[[1;34mINFO[m] OpenClover Version 4.4.1, built on October 11 2019 (build-1020)
[[1;34mINFO[m] Creating new database at '/tmp/v1/target/clover/clover.db'.
[[1;34mINFO[m] Processing files at 1.8 source level.
[[1;34mINFO[m] Clover all over. Instrumented 17 files (1 package).
[[1;34mINFO[m] OpenClover Version 4.4.1, built on October 11 2019 (build-1020)
[[1;34mINFO[m] Updating existing database at '/tmp/v1/target/clover/clover.db'.
[[1;34mINFO[m] Processing files at 1.8 source level.
[[1;34mINFO[m] Clover all over. Instrumented 20 files (2 packages).
[[1;34mINFO[m] 320 test methods detected.
[[1;34mINFO[m] 
[[1;34mINFO[m] [1m--- [0;32mmaven-enforcer-plugin:1.0:enforce[m [1m(enforce-maven)[m @ [36mjavapoet[0;1m ---[m
[[1;34mINFO[m] Skipping Rule Enforcement.
[[1;34mINFO[m] 
[[1;34mINFO[m] [1m--- [0;32mmaven-resources-plugin:2.6:resources[m [1m(default-resources)[m @ [36mjavapoet[0;1m ---[m
[[1;34mINFO[m] Using 'UTF-8' encoding to copy filtered resources.
[[1;34mINFO[m] skip non existing resourceDirectory /tmp/v1/src/main/resources
[[1;34mINFO[m] Copying 1 resource
[[1;34mINFO[m] 
[[1;34mINFO[m] [1m--- [0;32mmaven-compiler-plugin:3.8.0:compile[m [1m(default-compile)[m @ [36mjavapoet[0;1m ---[m
[[1;34mINFO[m] Changes detected - recompiling the module!
[[1;34mINFO[m] Compiling 17 source files to /tmp/v1/target/classes
[[1;34mINFO[m] 
[[1;34mINFO[m] [1m--- [0;32mmaven-resources-plugin:2.6:testResources[m [1m(default-testResources)[m @ [36mjavapoet[0;1m ---[m
[[1;34mINFO[m] Using 'UTF-8' encoding to copy filtered resources.
[[1;34mINFO[m] skip non existing resourceDirectory /tmp/v1/src/test/resources
[[1;34mINFO[m] 
[[1;34mINFO[m] [1m--- [0;32mmaven-compiler-plugin:3.8.0:testCompile[m [1m(default-testCompile)[m @ [36mjavapoet[0;1m ---[m
[[1;34mINFO[m] Changes detected - recompiling the module!
[[1;34mINFO[m] Compiling 20 source files to /tmp/v1/target/test-classes
[[1;34mINFO[m] 
[[1;34mINFO[m] [1m--- [0;32mmaven-surefire-plugin:2.12.4:test[m [1m(default-test)[m @ [36mjavapoet[0;1m ---[m
[[1;34mINFO[m] Surefire report directory: /tmp/v1/target/surefire-reports

-------------------------------------------------------
 T E S T S
-------------------------------------------------------
Running ClassNameNoPackageTest
Tests run: 1, Failures: 0, Errors: 0, Skipped: 0, Time elapsed: 0.075 sec
Running com.squareup.javapoet.CodeBlockTest
Tests run: 35, Failures: 0, Errors: 0, Skipped: 0, Time elapsed: 0.086 sec
Running com.squareup.javapoet.MethodSpecTest
Tests run: 19, Failures: 0, Errors: 0, Skipped: 0, Time elapsed: 0.678 sec
Running com.squareup.javapoet.NameAllocatorTest
Tests run: 11, Failures: 0, Errors: 0, Skipped: 0, Time elapsed: 0.019 sec
Running com.squareup.javapoet.TypeSpecTest
Tests run: 109, Failures: 0, Errors: 0, Skipped: 0, Time elapsed: 1.371 sec
Running com.squareup.javapoet.AnnotatedTypeNameTest
Tests run: 22, Failures: 0, Errors: 0, Skipped: 0, Time elapsed: 0.015 sec
Running com.squareup.javapoet.TypeNameTest
Tests run: 12, Failures: 0, Errors: 0, Skipped: 0, Time elapsed: 0.008 sec
Running com.squareup.javapoet.FileWritingTest
Tests run: 11, Failures: 0, Errors: 0, Skipped: 0, Time elapsed: 0.091 sec
Running com.squareup.javapoet.ClassNameTest
Tests run: 13, Failures: 0, Errors: 0, Skipped: 0, Time elapsed: 0.342 sec
Running com.squareup.javapoet.LineWrapperTest
Tests run: 16, Failures: 0, Errors: 0, Skipped: 0, Time elapsed: 0.008 sec
Running com.squareup.javapoet.ParameterSpecTest
Tests run: 3, Failures: 0, Errors: 0, Skipped: 0, Time elapsed: 0.002 sec
Running com.squareup.javapoet.UtilTest
Tests run: 2, Failures: 0, Errors: 0, Skipped: 0, Time elapsed: 0.002 sec
Running com.squareup.javapoet.TypesEclipseTest
Tests run: 20, Failures: 0, Errors: 0, Skipped: 0, Time elapsed: 3.169 sec
Running com.squareup.javapoet.TypesTest
Tests run: 20, Failures: 0, Errors: 0, Skipped: 0, Time elapsed: 0.169 sec
Running com.squareup.javapoet.AnnotationSpecTest
Tests run: 10, Failures: 0, Errors: 0, Skipped: 0, Time elapsed: 0.1 sec
Running com.squareup.javapoet.FieldSpecTest
Tests run: 2, Failures: 0, Errors: 0, Skipped: 0, Time elapsed: 0.001 sec
Running com.squareup.javapoet.JavaFileTest
Tests run: 30, Failures: 0, Errors: 0, Skipped: 1, Time elapsed: 0.024 sec
Running com.squareup.javapoet.FileReadingTest
Tests run: 5, Failures: 0, Errors: 0, Skipped: 0, Time elapsed: 0.064 sec

Results :

Tests run: 341, Failures: 0, Errors: 0, Skipped: 1

[[1;34mINFO[m] [1m------------------------------------------------------------------------[m
[[1;34mINFO[m] [1;32mBUILD SUCCESS[m
[[1;34mINFO[m] [1m------------------------------------------------------------------------[m
[[1;34mINFO[m] Total time:  16.065 s
[[1;34mINFO[m] Finished at: 2020-12-15T16:27:45+01:00
[[1;34mINFO[m] [1m------------------------------------------------------------------------[m
Writing HTML report to '/tmp/v1/target/clover/report'
Done. Processed 2 packages in 1781ms (890ms per package).
[INFO] /tmp/v1/src/main/java/com/squareup/javapoet/CodeBlock.java
[INFO] /tmp/v2/src/main/java/com/squareup/javapoet/CodeBlock.java
[INFO] com.squareup.javapoet.CodeBlock:427 is modified.
[INFO] com.squareup.javapoet.CodeBlock:428 is modified.
[INFO] com.squareup.javapoet.CodeBlock:429 is modified.
[INFO] com.squareup.javapoet.CodeBlock:430 is modified.
[INFO] com.squareup.javapoet.CodeBlock:428 covered.
[INFO] /tmp/v1/src/test/java/com/squareup/javapoet/CodeBlockTest.java
[INFO] /tmp/v2/src/test/java/com/squareup/javapoet/CodeBlockTest.java
[INFO] com.squareup.javapoet.CodeBlockTest:343 is modified.
[INFO] com.squareup.javapoet.CodeBlockTest:344 is modified.
[INFO] com.squareup.javapoet.CodeBlockTest:349 is modified.
[INFO] com.squareup.javapoet.CodeBlockTest:344 is modified.
[INFO] com.squareup.javapoet.CodeBlockTest:349 is modified.
[INFO] com.squareup.javapoet.CodeBlockTest:344 is modified.
[INFO] com.squareup.javapoet.CodeBlockTest:349 is modified.
[INFO] com.squareup.javapoet.CodeBlockTest:344 is modified.
[INFO] com.squareup.javapoet.CodeBlockTest:344 is modified.
[INFO] Saving result in /tmp/v1/testsThatExecuteTheChange.csv ...
[INFO] com.squareup.javapoet.AnnotatedTypeNameTest;annotatedInnerMultidimensionalArrayType;annotatedArrayElementType;annotatedOuterMultidimensionalArrayType;annotatedWildcardTypeNameWithExtends;annotatedArrayTypeInVarargsParameter;annotatedArgumentOfParameterizedType;annotated;annotatedNestedType;annotatedType;annotatedTwice;annotatedEnclosingAndNestedType;annotatedArrayTypeVarargsParameter;annotatedParameterizedType;annotatedEquivalence;annotatedArrayType;annotatedNestedParameterizedType;annotatedWildcardTypeNameWithSuper
com.squareup.javapoet.TypesTest;wildcardMirrorExtendsType;wildcardSuperType;wildcardMirrorSuperType;wildcardExtendsType
com.squareup.javapoet.TypeNameTest;equalsAndHashCodeWildcardTypeName
com.squareup.javapoet.TypesEclipseTest;wildcardMirrorExtendsType;wildcardSuperType;wildcardMirrorSuperType;wildcardExtendsType
com.squareup.javapoet.JavaFileTest;singleImport;classAndSuperclassShareName;importStaticReadmeExample;importStaticUsingWildcards;packageClassConflictsWithSuperlass;importStaticOnce;importStaticForCrazyFormatsWorks;conflictingImports;conflictingTypeVariableBound;conflictingNameOutOfScope;defaultPackageTypesAreNotImported;importStaticTwice;annotatedTypeParam;conflictingParentName;annotationIsNestedClass;importStaticNone;defaultPackage;emptyLinesInTopOfFileComment;packageClassConflictsWithNestedClass;skipJavaLangImportsWithConflictingClassFirst;topOfFileComment;noImports;conflictingChildName;conflictingAnnotation;skipJavaLangImportsWithConflictingClassLast;importStaticMixed;superclassReferencesSelf;conflictingAnnotationReferencedClass;nestedClassAndSuperclassShareName
com.squareup.javapoet.TypeSpecTest;multilineStatementWithAnonymousClass;annotationWithFields;interfaceStaticMethods;parameterToString;annotationToString;multilineStrings;initializerBlockUnsupportedExceptionOnInterface;multipleSuperinterfaceAddition;doubleFieldInitialization;initializerBlockInRightPlace;innerAnnotationInAnnotationDeclaration;multipleMethodAddition;defaultModifiersForInterfaceMembers;defaultModifiersForMemberInterfacesAndEnums;classCannotHaveDefaultValueForMethod;equalsAndHashCode;ifElse;varargs;annotationsAndJavaLangTypes;lineWrappingWithZeroWidthSpace;arrayType;enumWithSubclassing;nameFromMethod;multipleTypeAddition;indexedElseIf;tryCatch;stringFromNull;nameFromParameter;simpleNameConflictsWithTypeVariable;interfaceExtends;annotatedClass;classNameFactories;annotationsInAnnotations;enumImplements;inlineIndent;codeBlockAddStatementOfCodeBlockToString;multipleAnnotationAddition;annotationDeclarationToString;typeVariableWithBounds;doWhile;interfaceDefaultMethods;classImplementsNestedClass;elseIf;typeVariables;originatingElementsIncludesThoseOfNestedTypes;basic;interfaceClassToString;onlyEnumsMayHaveEnumConstants;anonymousInnerClass;nameFromType;staticCodeBlock;nullStringLiteral;methodThrows;simpleNamesConflictInThisAndOtherPackage;annotatedParameters;initializerBlockUnsupportedExceptionOnAnnotation;intersectionType;multipleTypeVariableAddition;anonymousClassToString;javadoc;literalFromAnything;codeBlockToString;constructorToString;referencedAndDeclaredSimpleNamesConflict;nestedClasses;annotatedField;membersOrdering;classImplementsExtends;typeFromTypeElement;enumWithAnnotatedValues;annotation;methodToString;enumsMayDefineAbstractMethods;initializersToBuilder;multipleFieldAddition;typeFromTypeMirror;interestingTypes;nameFromCharSequence;lineWrapping;codeBlocks;nativeMethods;fieldToString;classToString;classCannotHaveDefaultMethods;nameFromField;enumWithMembersButNoConstructorCall;multilineStatement;typeFromReflectType;stringFromAnything;typeFromTypeName;retrofitStyleInterface
com.squareup.javapoet.FileWritingTest;fileIsUtf8;filerPassesOriginatingElements;fileNotDirectory;pathDefaultPackage;filerNestedClasses;fileDefaultPackage;filerClassesWithTabIndent;fileNestedClasses;pathNestedClasses;pathNotDirectory;filerDefaultPackage
com.squareup.javapoet.AnnotationSpecTest;disallowsNullMemberName;defaultAnnotationWithImport;defaultAnnotationToBuilder;defaultAnnotation;reflectAnnotation;emptyArray;dynamicArrayOfEnumConstants;equalsAndHashCode;requiresValidMemberName;reflectAnnotationWithDefaults
com.squareup.javapoet.MethodSpecTest;modifyMethodName;withoutParameterJavaDoc;overrideDoesNotCopyOverrideAnnotation;withParameterJavaDoc;overrideDoesNotCopyDefaultModifier;withParameterJavaDocAndWithoutMethodJavadoc;overrideExtendsOthersWorksWithActualTypeParameters;equalsAndHashCode;overrideEverything;duplicateExceptionsIgnored;overrideGenerics
com.squareup.javapoet.CodeBlockTest;joining;simpleNamedArgument;statementExitWithoutStatementEnter;literalFormatCanBeIndexed;namedAndNoArgFormat;namedNewline;typeFormatCanBeIndexed;sameIndexCanBeUsedWithDifferentFormats;joiningSingle;of;multipleNamedArguments;stringFormatCanBeIndexed;join;equalsAndHashCode;nameFormatCanBeIndexed;joiningWithPrefixAndSuffix;tooManyStatementEnters;repeatedNamedArgument
com.squareup.javapoet.FileReadingTest;javaFileObjectCharacterContent;javaFileObjectInputStreamIsUtf8;compileJavaFile;javaFileObjectKind;javaFileObjectUri
com.squareup.javapoet.FieldSpecTest;equalsAndHashCode
com.squareup.javapoet.ParameterSpecTest;equalsAndHashCode
[INFO] Writing Coverage in /tmp/v1/testsThatExecuteTheChange_coverage.csv
[INFO] com.squareup.javapoet.CodeBlock;1;4

[INFO] total;1;4

[INFO] ------------------------------------------------------------------------
[INFO] BUILD SUCCESS
[INFO] ------------------------------------------------------------------------
[INFO] Total time:  21.650 s
[INFO] Finished at: 2020-12-15T16:27:48+01:00
[INFO] ------------------------------------------------------------------------
