[INFO] Scanning for projects...
[INFO] 
[INFO] -----------------------< com.squareup:javapoet >------------------------
[INFO] Building JavaPoet 1.12.0-SNAPSHOT
[INFO] --------------------------------[ jar ]---------------------------------
[INFO] 
[INFO] --- maven-clean-plugin:2.5:clean (default-clean) @ javapoet ---
[INFO] Deleting /tmp/v1/target
[INFO] 
[INFO] --- dspot-diff-test-selection:3.1.1-SNAPSHOT:list (default-cli) @ javapoet ---
[WARNING] No path to diff file has been specified.
[WARNING] I'll compute a diff file using the UNIX diff command
[WARNING] You may encounter troubles.
[WARNING] If so, please specify a path to a correct diff file
[WARNING] or implement a new way to compute a diff file.
[INFO] Computing the diff with diff commnd line
[INFO] The diff will be computed between:
[INFO] /tmp/v1 and 
[INFO] /tmp/v2
[INFO] Executing: diff -ru /tmp/v1 /tmp/v2 from /tmp/v1
[INFO] Computing coverage for /tmp/v1
[WARN] Maven will be executed in interactive mode, but no input stream has been configured for this MavenInvoker instance.
[[1;34mINFO[m] Scanning for projects...
[[1;34mINFO[m] 
[[1;34mINFO[m] [1m-----------------------< [0;36mcom.squareup:javapoet[0;1m >------------------------[m
[[1;34mINFO[m] [1mBuilding JavaPoet 1.12.0-SNAPSHOT[m
[[1;34mINFO[m] [1m--------------------------------[ jar ]---------------------------------[m
[[1;34mINFO[m] 
[[1;34mINFO[m] [1m--- [0;32mmaven-clean-plugin:2.5:clean[m [1m(default-clean)[m @ [36mjavapoet[0;1m ---[m
[[1;34mINFO[m] 
[[1;34mINFO[m] [1m--- [0;32mclover-maven-plugin:4.4.1:setup[m [1m(default-cli)[m @ [36mjavapoet[0;1m ---[m
[[1;34mINFO[m] OpenClover Version 4.4.1, built on October 11 2019 (build-1020)
[[1;34mINFO[m] Creating new database at '/tmp/v1/target/clover/clover.db'.
[[1;34mINFO[m] Processing files at 1.8 source level.
[[1;34mINFO[m] Clover all over. Instrumented 17 files (1 package).
[[1;34mINFO[m] OpenClover Version 4.4.1, built on October 11 2019 (build-1020)
[[1;34mINFO[m] Updating existing database at '/tmp/v1/target/clover/clover.db'.
[[1;34mINFO[m] Processing files at 1.8 source level.
[[1;34mINFO[m] Clover all over. Instrumented 22 files (2 packages).
[[1;34mINFO[m] 359 test methods detected.
[[1;34mINFO[m] 
[[1;34mINFO[m] [1m--- [0;32mmaven-enforcer-plugin:1.0:enforce[m [1m(enforce-maven)[m @ [36mjavapoet[0;1m ---[m
[[1;34mINFO[m] Skipping Rule Enforcement.
[[1;34mINFO[m] 
[[1;34mINFO[m] [1m--- [0;32mmaven-resources-plugin:2.6:resources[m [1m(default-resources)[m @ [36mjavapoet[0;1m ---[m
[[1;34mINFO[m] Using 'UTF-8' encoding to copy filtered resources.
[[1;34mINFO[m] skip non existing resourceDirectory /tmp/v1/src/main/resources
[[1;34mINFO[m] Copying 1 resource
[[1;34mINFO[m] 
[[1;34mINFO[m] [1m--- [0;32mmaven-compiler-plugin:3.8.0:compile[m [1m(default-compile)[m @ [36mjavapoet[0;1m ---[m
[[1;34mINFO[m] Changes detected - recompiling the module!
[[1;34mINFO[m] Compiling 17 source files to /tmp/v1/target/classes
[[1;34mINFO[m] 
[[1;34mINFO[m] [1m--- [0;32mmaven-resources-plugin:2.6:testResources[m [1m(default-testResources)[m @ [36mjavapoet[0;1m ---[m
[[1;34mINFO[m] Using 'UTF-8' encoding to copy filtered resources.
[[1;34mINFO[m] skip non existing resourceDirectory /tmp/v1/src/test/resources
[[1;34mINFO[m] 
[[1;34mINFO[m] [1m--- [0;32mmaven-compiler-plugin:3.8.0:testCompile[m [1m(default-testCompile)[m @ [36mjavapoet[0;1m ---[m
[[1;34mINFO[m] Changes detected - recompiling the module!
[[1;34mINFO[m] Compiling 22 source files to /tmp/v1/target/test-classes
[[1;34mINFO[m] 
[[1;34mINFO[m] [1m--- [0;32mmaven-surefire-plugin:2.12.4:test[m [1m(default-test)[m @ [36mjavapoet[0;1m ---[m
[[1;34mINFO[m] Surefire report directory: /tmp/v1/target/surefire-reports

-------------------------------------------------------
 T E S T S
-------------------------------------------------------
Running ClassNameNoPackageTest
Tests run: 1, Failures: 0, Errors: 0, Skipped: 0, Time elapsed: 0.075 sec
Running com.squareup.javapoet.CodeBlockTest
Tests run: 36, Failures: 0, Errors: 0, Skipped: 0, Time elapsed: 0.08 sec
Running com.squareup.javapoet.MethodSpecTest
Tests run: 27, Failures: 0, Errors: 0, Skipped: 0, Time elapsed: 0.764 sec
Running com.squareup.javapoet.CodeWriterTest
Tests run: 1, Failures: 0, Errors: 0, Skipped: 0, Time elapsed: 0 sec
Running com.squareup.javapoet.NameAllocatorTest
Tests run: 11, Failures: 0, Errors: 0, Skipped: 0, Time elapsed: 0.02 sec
Running com.squareup.javapoet.TypeSpecTest
Tests run: 120, Failures: 0, Errors: 0, Skipped: 0, Time elapsed: 1.416 sec
Running com.squareup.javapoet.AnnotatedTypeNameTest
Tests run: 22, Failures: 0, Errors: 0, Skipped: 0, Time elapsed: 0.02 sec
Running com.squareup.javapoet.TypeNameTest
Tests run: 12, Failures: 0, Errors: 0, Skipped: 0, Time elapsed: 0.008 sec
Running com.squareup.javapoet.FileWritingTest
Tests run: 11, Failures: 0, Errors: 0, Skipped: 0, Time elapsed: 0.088 sec
Running com.squareup.javapoet.ClassNameTest
Tests run: 13, Failures: 0, Errors: 0, Skipped: 0, Time elapsed: 0.424 sec
Running com.squareup.javapoet.LineWrapperTest
Tests run: 16, Failures: 0, Errors: 0, Skipped: 0, Time elapsed: 0.006 sec
Running com.squareup.javapoet.ParameterSpecTest
Tests run: 7, Failures: 0, Errors: 0, Skipped: 0, Time elapsed: 0.058 sec
Running com.squareup.javapoet.UtilTest
Tests run: 2, Failures: 0, Errors: 0, Skipped: 0, Time elapsed: 0.001 sec
Running com.squareup.javapoet.TypesEclipseTest
Tests run: 20, Failures: 0, Errors: 0, Skipped: 0, Time elapsed: 3.075 sec
Running com.squareup.javapoet.TypesTest
Tests run: 20, Failures: 0, Errors: 0, Skipped: 0, Time elapsed: 0.17 sec
Running com.squareup.javapoet.AnnotationSpecTest
Tests run: 11, Failures: 0, Errors: 0, Skipped: 0, Time elapsed: 0.105 sec
Running com.squareup.javapoet.FieldSpecTest
Tests run: 4, Failures: 0, Errors: 0, Skipped: 0, Time elapsed: 0.002 sec
Running com.squareup.javapoet.JavaFileTest
Tests run: 41, Failures: 0, Errors: 0, Skipped: 1, Time elapsed: 0.284 sec
Running com.squareup.javapoet.FileReadingTest
Tests run: 5, Failures: 0, Errors: 0, Skipped: 0, Time elapsed: 0.057 sec

Results :

Tests run: 380, Failures: 0, Errors: 0, Skipped: 1

[[1;34mINFO[m] [1m------------------------------------------------------------------------[m
[[1;34mINFO[m] [1;32mBUILD SUCCESS[m
[[1;34mINFO[m] [1m------------------------------------------------------------------------[m
[[1;34mINFO[m] Total time:  17.455 s
[[1;34mINFO[m] Finished at: 2020-12-15T16:02:31+01:00
[[1;34mINFO[m] [1m------------------------------------------------------------------------[m
Writing HTML report to '/tmp/v1/target/clover/report'
Done. Processed 2 packages in 1717ms (858ms per package).
[INFO] /tmp/v1/src/main/java/com/squareup/javapoet/JavaFile.java
[INFO] /tmp/v2/src/main/java/com/squareup/javapoet/JavaFile.java
[INFO] com.squareup.javapoet.JavaFile:105 is modified.
[INFO] com.squareup.javapoet.JavaFile:113 is modified.
[INFO] com.squareup.javapoet.JavaFile:106 is modified.
[INFO] com.squareup.javapoet.JavaFile:114 is modified.
[INFO] com.squareup.javapoet.JavaFile:122 is modified.
[INFO] com.squareup.javapoet.JavaFile:145 is modified.
[INFO] com.squareup.javapoet.JavaFile:156 is modified.
[INFO] com.squareup.javapoet.JavaFile:157 is modified.
[INFO] com.squareup.javapoet.JavaFile:122 is modified.
[INFO] com.squareup.javapoet.JavaFile:106 is modified.
[INFO] com.squareup.javapoet.JavaFile:156 is modified.
[INFO] com.squareup.javapoet.JavaFile:157 is modified.
[INFO] com.squareup.javapoet.JavaFile:156 is modified.
[INFO] com.squareup.javapoet.JavaFile:157 covered.
[INFO] com.squareup.javapoet.JavaFile:106 covered.
[INFO] com.squareup.javapoet.JavaFile:114 covered.
[INFO] Saving result in /tmp/v1/testsThatExecuteTheChange.csv ...
[INFO] com.squareup.javapoet.JavaFileTest;avoidClashes_parentChild_superinterface_typeMirror;singleImport;classAndSuperclassShareName;importStaticReadmeExample;importStaticUsingWildcards;packageClassConflictsWithSuperlass;importStaticOnce;importStaticForCrazyFormatsWorks;conflictingImports;conflictingTypeVariableBound;conflictingNameOutOfScope;defaultPackageTypesAreNotImported;importStaticTwice;annotatedTypeParam;conflictingParentName;avoidClashes_parentChild_superclass_type;modifyStaticImports;avoidClashesWithNestedClasses_viaTypeElement;annotationIsNestedClass;importStaticNone;defaultPackage;emptyLinesInTopOfFileComment;skipJavaLangImportsWithConflictingClassFirst;packageClassConflictsWithNestedClass;topOfFileComment;noImports;conflictingChildName;conflictingAnnotation;avoidClashes_parentChild_superclass_typeMirror;skipJavaLangImportsWithConflictingClassLast;avoidClashes_mapEntry;avoidClashesWithNestedClasses_viaClass;avoidClashesWithNestedClasses_viaSuperinterfaceType;avoidClashes_parentChild_superinterface_type;importStaticMixed;superclassReferencesSelf;conflictingAnnotationReferencedClass;nestedClassAndSuperclassShareName;alwaysQualifySupersedesJavaLangImports;alwaysQualifySimple
com.squareup.javapoet.TypeSpecTest;multilineStatementWithAnonymousClass;annotationWithFields;interfaceStaticMethods;multilineStrings;multipleSuperinterfaceAddition;initializerBlockInRightPlace;innerAnnotationInAnnotationDeclaration;multipleMethodAddition;defaultModifiersForInterfaceMembers;defaultModifiersForMemberInterfacesAndEnums;ifElse;varargs;annotationsAndJavaLangTypes;javadocEnsuresTrailingLine;lineWrappingWithZeroWidthSpace;arrayType;enumWithSubclassing;multipleTypeAddition;indexedElseIf;tryCatch;simpleNameConflictsWithTypeVariable;interfaceExtends;annotatedClass;annotationsInAnnotations;enumImplements;inlineIndent;multipleAnnotationAddition;typeVariableWithBounds;doWhile;interfaceDefaultMethods;elseIf;classImplementsNestedClass;typeVariables;basic;anonymousInnerClass;staticCodeBlock;nullStringLiteral;methodThrows;simpleNamesConflictInThisAndOtherPackage;annotatedParameters;intersectionType;multipleTypeVariableAddition;javadoc;referencedAndDeclaredSimpleNamesConflict;nestedClasses;annotatedField;membersOrdering;classImplementsExtends;javadocWithTrailingLineDoesNotAddAnother;enumWithAnnotatedValues;annotation;enumsMayDefineAbstractMethods;initializersToBuilder;multipleFieldAddition;interestingTypes;lineWrapping;codeBlocks;nativeMethods;enumWithMembersButNoConstructorCall;multilineStatement;retrofitStyleInterface
com.squareup.javapoet.FileWritingTest;fileIsUtf8;filerPassesOriginatingElements;fileNotDirectory;fileDefaultPackage;pathDefaultPackage;filerNestedClasses;filerClassesWithTabIndent;pathNestedClasses;fileNestedClasses;pathNotDirectory;filerDefaultPackage
com.squareup.javapoet.AnnotationSpecTest;defaultAnnotationWithImport;defaultAnnotation;reflectAnnotation;reflectAnnotationWithDefaults
com.squareup.javapoet.FileReadingTest;javaFileObjectCharacterContent;javaFileObjectInputStreamIsUtf8;compileJavaFile
[INFO] Writing Coverage in /tmp/v1/testsThatExecuteTheChange_coverage.csv
[INFO] com.squareup.javapoet.JavaFile;3;8

[INFO] total;3;8

[INFO] ------------------------------------------------------------------------
[INFO] BUILD SUCCESS
[INFO] ------------------------------------------------------------------------
[INFO] Total time:  22.698 s
[INFO] Finished at: 2020-12-15T16:02:34+01:00
[INFO] ------------------------------------------------------------------------
